This is pdfTeX, Version 3.14159265-2.6-1.40.20 (TeX Live 2019/Debian) (preloaded format=pdflatex 2020.10.14)  22 APR 2021 11:35
entering extended mode
 restricted \write18 enabled.
 file:line:error style messages enabled.
 %&-line parsing enabled.
**"/home/neham/Desktop/Sem4/EE2703/Assignment 7/EE2703_EE19B084_Week7.tex"
(/home/neham/Desktop/Sem4/EE2703/Assignment 7/EE2703_EE19B084_Week7.tex
LaTeX2e <2020-02-02> patch level 2
L3 programming layer <2020-02-14> (/usr/share/texlive/texmf-dist/tex/latex/base/article.cls
Document Class: article 2019/12/20 v1.4l Standard LaTeX document class
(/usr/share/texlive/texmf-dist/tex/latex/base/size10.clo
File: size10.clo 2019/12/20 v1.4l Standard LaTeX file (size option)
)
\c@part=\count167
\c@section=\count168
\c@subsection=\count169
\c@subsubsection=\count170
\c@paragraph=\count171
\c@subparagraph=\count172
\c@figure=\count173
\c@table=\count174
\abovecaptionskip=\skip47
\belowcaptionskip=\skip48
\bibindent=\dimen134
) (/usr/share/texlive/texmf-dist/tex/latex/base/inputenc.sty
Package: inputenc 2018/08/11 v1.3c Input encoding file
\inpenc@prehook=\toks14
\inpenc@posthook=\toks15
) (/usr/share/texlive/texmf-dist/tex/latex/listings/listings.sty (/usr/share/texlive/texmf-dist/tex/latex/graphics/keyval.sty
Package: keyval 2014/10/28 v1.15 key=value parser (DPC)
\KV@toks@=\toks16
)
\lst@mode=\count175
\lst@gtempboxa=\box45
\lst@token=\toks17
\lst@length=\count176
\lst@currlwidth=\dimen135
\lst@column=\count177
\lst@pos=\count178
\lst@lostspace=\dimen136
\lst@width=\dimen137
\lst@newlines=\count179
\lst@lineno=\count180
\lst@maxwidth=\dimen138
 (/usr/share/texlive/texmf-dist/tex/latex/listings/lstmisc.sty
File: lstmisc.sty 2019/09/10 1.8c (Carsten Heinz)
\c@lstnumber=\count181
\lst@skipnumbers=\count182
\lst@framebox=\box46
) (/usr/share/texlive/texmf-dist/tex/latex/listings/listings.cfg
File: listings.cfg 2019/09/10 1.8c listings configuration
))
Package: listings 2019/09/10 1.8c (Carsten Heinz)
 (/usr/share/texlive/texmf-dist/tex/latex/natbib/natbib.sty
Package: natbib 2010/09/13 8.31b (PWD, AO)
\bibhang=\skip49
\bibsep=\skip50
LaTeX Info: Redefining \cite on input line 694.
\c@NAT@ctr=\count183
) (/usr/share/texlive/texmf-dist/tex/latex/geometry/geometry.sty
Package: geometry 2020/01/02 v5.9 Page Geometry
 (/usr/share/texlive/texmf-dist/tex/generic/iftex/ifvtex.sty
Package: ifvtex 2019/10/25 v1.7 ifvtex legacy package. Use iftex instead.
 (/usr/share/texlive/texmf-dist/tex/generic/iftex/iftex.sty
Package: iftex 2019/11/07 v1.0c TeX engine tests
))
\Gm@cnth=\count184
\Gm@cntv=\count185
\c@Gm@tempcnt=\count186
\Gm@bindingoffset=\dimen139
\Gm@wd@mp=\dimen140
\Gm@odd@mp=\dimen141
\Gm@even@mp=\dimen142
\Gm@layoutwidth=\dimen143
\Gm@layoutheight=\dimen144
\Gm@layouthoffset=\dimen145
\Gm@layoutvoffset=\dimen146
\Gm@dimlist=\toks18
) (/usr/share/texlive/texmf-dist/tex/latex/amsmath/amsmath.sty
Package: amsmath 2020/01/20 v2.17e AMS math features
\@mathmargin=\skip51

For additional information on amsmath, use the `?' option.
(/usr/share/texlive/texmf-dist/tex/latex/amsmath/amstext.sty
Package: amstext 2000/06/29 v2.01 AMS text
 (/usr/share/texlive/texmf-dist/tex/latex/amsmath/amsgen.sty
File: amsgen.sty 1999/11/30 v2.0 generic functions
\@emptytoks=\toks19
\ex@=\dimen147
)) (/usr/share/texlive/texmf-dist/tex/latex/amsmath/amsbsy.sty
Package: amsbsy 1999/11/29 v1.2d Bold Symbols
\pmbraise@=\dimen148
) (/usr/share/texlive/texmf-dist/tex/latex/amsmath/amsopn.sty
Package: amsopn 2016/03/08 v2.02 operator names
)
\inf@bad=\count187
LaTeX Info: Redefining \frac on input line 227.
\uproot@=\count188
\leftroot@=\count189
LaTeX Info: Redefining \overline on input line 389.
\classnum@=\count190
\DOTSCASE@=\count191
LaTeX Info: Redefining \ldots on input line 486.
LaTeX Info: Redefining \dots on input line 489.
LaTeX Info: Redefining \cdots on input line 610.
\Mathstrutbox@=\box47
\strutbox@=\box48
\big@size=\dimen149
LaTeX Font Info:    Redeclaring font encoding OML on input line 733.
LaTeX Font Info:    Redeclaring font encoding OMS on input line 734.
\macc@depth=\count192
\c@MaxMatrixCols=\count193
\dotsspace@=\muskip16
\c@parentequation=\count194
\dspbrk@lvl=\count195
\tag@help=\toks20
\row@=\count196
\column@=\count197
\maxfields@=\count198
\andhelp@=\toks21
\eqnshift@=\dimen150
\alignsep@=\dimen151
\tagshift@=\dimen152
\tagwidth@=\dimen153
\totwidth@=\dimen154
\lineht@=\dimen155
\@envbody=\toks22
\multlinegap=\skip52
\multlinetaggap=\skip53
\mathdisplay@stack=\toks23
LaTeX Info: Redefining \[ on input line 2859.
LaTeX Info: Redefining \] on input line 2860.
) (/usr/share/texlive/texmf-dist/tex/latex/graphics/color.sty
Package: color 2019/11/23 v1.2a Standard LaTeX Color (DPC)
 (/usr/share/texlive/texmf-dist/tex/latex/graphics-cfg/color.cfg
File: color.cfg 2016/01/02 v1.6 sample color configuration
)
Package color Info: Driver file: pdftex.def on input line 147.
 (/usr/share/texlive/texmf-dist/tex/latex/graphics-def/pdftex.def
File: pdftex.def 2018/01/08 v1.0l Graphics/color driver for pdftex
)) (/usr/share/texlive/texmf-dist/tex/latex/graphics/graphicx.sty
Package: graphicx 2019/11/30 v1.2a Enhanced LaTeX Graphics (DPC,SPQR)
 (/usr/share/texlive/texmf-dist/tex/latex/graphics/graphics.sty
Package: graphics 2019/11/30 v1.4a Standard LaTeX Graphics (DPC,SPQR)
 (/usr/share/texlive/texmf-dist/tex/latex/graphics/trig.sty
Package: trig 2016/01/03 v1.10 sin cos tan (DPC)
) (/usr/share/texlive/texmf-dist/tex/latex/graphics-cfg/graphics.cfg
File: graphics.cfg 2016/06/04 v1.11 sample graphics configuration
)
Package graphics Info: Driver file: pdftex.def on input line 105.
)
\Gin@req@height=\dimen156
\Gin@req@width=\dimen157
) (/usr/share/texlive/texmf-dist/tex/latex/listings/lstlang1.sty
File: lstlang1.sty 2019/09/10 1.8c listings language file
) (/usr/share/texlive/texmf-dist/tex/latex/l3backend/l3backend-pdfmode.def
File: l3backend-pdfmode.def 2020-02-03 L3 backend support: PDF mode
\l__kernel_color_stack_int=\count199
\l__pdf_internal_box=\box49
) (/home/neham/Desktop/Sem4/EE2703/Assignment 7/EE2703_EE19B084_Week7.aux)
\openout1 = `EE2703_EE19B084_Week7.aux'.

LaTeX Font Info:    Checking defaults for OML/cmm/m/it on input line 39.
LaTeX Font Info:    ... okay on input line 39.
LaTeX Font Info:    Checking defaults for OMS/cmsy/m/n on input line 39.
LaTeX Font Info:    ... okay on input line 39.
LaTeX Font Info:    Checking defaults for OT1/cmr/m/n on input line 39.
LaTeX Font Info:    ... okay on input line 39.
LaTeX Font Info:    Checking defaults for T1/cmr/m/n on input line 39.
LaTeX Font Info:    ... okay on input line 39.
LaTeX Font Info:    Checking defaults for TS1/cmr/m/n on input line 39.
LaTeX Font Info:    ... okay on input line 39.
LaTeX Font Info:    Checking defaults for OMX/cmex/m/n on input line 39.
LaTeX Font Info:    ... okay on input line 39.
LaTeX Font Info:    Checking defaults for U/cmr/m/n on input line 39.
LaTeX Font Info:    ... okay on input line 39.
\c@lstlisting=\count266

*geometry* driver: auto-detecting
*geometry* detected driver: pdftex
*geometry* verbose mode - [ preamble ] result:
* driver: pdftex
* paper: <default>
* layout: <same size as paper>
* layoutoffset:(h,v)=(0.0pt,0.0pt)
* modes: 
* h-part:(L,W,R)=(108.405pt, 397.485pt, 108.405pt)
* v-part:(T,H,B)=(72.26999pt, 650.43001pt, 72.26999pt)
* \paperwidth=614.295pt
* \paperheight=794.96999pt
* \textwidth=397.485pt
* \textheight=650.43001pt
* \oddsidemargin=36.13501pt
* \evensidemargin=36.13501pt
* \topmargin=-37.0pt
* \headheight=12.0pt
* \headsep=25.0pt
* \topskip=10.0pt
* \footskip=30.0pt
* \marginparwidth=65.0pt
* \marginparsep=11.0pt
* \columnsep=10.0pt
* \skip\footins=9.0pt plus 4.0pt minus 2.0pt
* \hoffset=0.0pt
* \voffset=0.0pt
* \mag=1000
* \@twocolumnfalse
* \@twosidefalse
* \@mparswitchfalse
* \@reversemarginfalse
* (1in=72.27pt=25.4mm, 1cm=28.453pt)

(/usr/share/texlive/texmf-dist/tex/context/base/mkii/supp-pdf.mkii
[Loading MPS to PDF converter (version 2006.09.02).]
\scratchcounter=\count267
\scratchdimen=\dimen158
\scratchbox=\box50
\nofMPsegments=\count268
\nofMParguments=\count269
\everyMPshowfont=\toks24
\MPscratchCnt=\count270
\MPscratchDim=\dimen159
\MPnumerator=\count271
\makeMPintoPDFobject=\count272
\everyMPtoPDFconversion=\toks25
) (/usr/share/texlive/texmf-dist/tex/latex/epstopdf-pkg/epstopdf-base.sty
Package: epstopdf-base 2020-01-24 v2.11 Base part for package epstopdf
Package epstopdf-base Info: Redefining graphics rule for `.eps' on input line 485.
 (/usr/share/texlive/texmf-dist/tex/latex/latexconfig/epstopdf-sys.cfg
File: epstopdf-sys.cfg 2010/07/13 v1.3 Configuration of (r)epstopdf for TeX Live
)) [1

{/var/lib/texmf/fonts/map/pdftex/updmap/pdftex.map}]
Underfull \hbox (badness 10000) in paragraph at lines 69--71

 []

[2]
<plots/System response with decay of 0.5.png, id=20, 462.528pt x 346.896pt>
File: plots/System response with decay of 0.5.png Graphic file (type png)
<use plots/System response with decay of 0.5.png>
Package pdftex.def Info: plots/System response with decay of 0.5.png  used on input line 128.
(pdftex.def)             Requested size: 277.51894pt x 208.13919pt.
<plots/System response with decay of 0.05.png, id=22, 462.528pt x 346.896pt>
File: plots/System response with decay of 0.05.png Graphic file (type png)
<use plots/System response with decay of 0.05.png>
Package pdftex.def Info: plots/System response with decay of 0.05.png  used on input line 135.
(pdftex.def)             Requested size: 277.51894pt x 208.13919pt.
 [3 </home/neham/Desktop/Sem4/EE2703/Assignment 7/plots/System response with decay of 0.5.png> </home/neham/Desktop/Sem4/EE2703/Assignment 7/plots/System response with decay of 0.05.png>]
Underfull \hbox (badness 10000) in paragraph at lines 152--154

 []

<plots/System responses with variation of input frequency.png, id=28, 462.528pt x 346.896pt>
File: plots/System responses with variation of input frequency.png Graphic file (type png)
<use plots/System responses with variation of input frequency.png>
Package pdftex.def Info: plots/System responses with variation of input frequency.png  used on input line 182.
(pdftex.def)             Requested size: 277.51894pt x 208.13919pt.
[4 </home/neham/Desktop/Sem4/EE2703/Assignment 7/plots/System responses with variation of input frequency.png>]
<plots/Magnitude plot.png, id=33, 462.528pt x 346.896pt>
File: plots/Magnitude plot.png Graphic file (type png)
<use plots/Magnitude plot.png>
Package pdftex.def Info: plots/Magnitude plot.png  used on input line 198.
(pdftex.def)             Requested size: 277.51894pt x 208.13919pt.

Underfull \hbox (badness 10000) in paragraph at lines 187--202

 []

<plots/Phase plot.png, id=34, 462.528pt x 346.896pt>
File: plots/Phase plot.png Graphic file (type png)
<use plots/Phase plot.png>
Package pdftex.def Info: plots/Phase plot.png  used on input line 205.
(pdftex.def)             Requested size: 277.51894pt x 208.13919pt.
[5 </home/neham/Desktop/Sem4/EE2703/Assignment 7/plots/Magnitude plot.png> </home/neham/Desktop/Sem4/EE2703/Assignment 7/plots/Phase plot.png>]
Underfull \hbox (badness 10000) in paragraph at lines 225--230

 []

LaTeX Font Info:    Trying to load font information for TS1+cmtt on input line 248.
(/usr/share/texlive/texmf-dist/tex/latex/base/ts1cmtt.fd
File: ts1cmtt.fd 2019/12/16 v2.5j Standard LaTeX font definitions
)
<plots/Responses of coupled system.png, id=40, 462.528pt x 346.896pt>
File: plots/Responses of coupled system.png Graphic file (type png)
<use plots/Responses of coupled system.png>
Package pdftex.def Info: plots/Responses of coupled system.png  used on input line 254.
(pdftex.def)             Requested size: 277.51894pt x 208.13919pt.
 [6 </home/neham/Desktop/Sem4/EE2703/Assignment 7/plots/Responses of coupled system.png>]
<plots/Magnitude plot 2.png, id=47, 462.528pt x 346.896pt>
File: plots/Magnitude plot 2.png Graphic file (type png)
<use plots/Magnitude plot 2.png>
Package pdftex.def Info: plots/Magnitude plot 2.png  used on input line 321.
(pdftex.def)             Requested size: 277.51894pt x 208.13919pt.


LaTeX Warning: `!h' float specifier changed to `!ht'.

<plots/Phase plot 2.png, id=48, 462.528pt x 346.896pt>
File: plots/Phase plot 2.png Graphic file (type png)
<use plots/Phase plot 2.png>
Package pdftex.def Info: plots/Phase plot 2.png  used on input line 328.
(pdftex.def)             Requested size: 277.51894pt x 208.13919pt.

LaTeX Warning: `!h' float specifier changed to `!ht'.

[7] [8 </home/neham/Desktop/Sem4/EE2703/Assignment 7/plots/Magnitude plot 2.png> </home/neham/Desktop/Sem4/EE2703/Assignment 7/plots/Phase plot 2.png>]
Underfull \hbox (badness 10000) in paragraph at lines 348--351

 []

<plots/Response for 30 micro seconds.png, id=59, 462.528pt x 346.896pt>
File: plots/Response for 30 micro seconds.png Graphic file (type png)
<use plots/Response for 30 micro seconds.png>
Package pdftex.def Info: plots/Response for 30 micro seconds.png  used on input line 374.
(pdftex.def)             Requested size: 277.51894pt x 208.13919pt.
[9 </home/neham/Desktop/Sem4/EE2703/Assignment 7/plots/Response for 30 micro seconds.png>]
<plots/Response for 10 msec.png, id=64, 462.528pt x 346.896pt>
File: plots/Response for 10 msec.png Graphic file (type png)
<use plots/Response for 10 msec.png>
Package pdftex.def Info: plots/Response for 10 msec.png  used on input line 381.
(pdftex.def)             Requested size: 277.51894pt x 208.13919pt.
 [10

 </home/neham/Desktop/Sem4/EE2703/Assignment 7/plots/Response for 10 msec.png>] [11] (/home/neham/Desktop/Sem4/EE2703/Assignment 7/EE2703_EE19B084_Week7.aux) ) 
Here is how much of TeX's memory you used:
 4626 strings out of 483183
 63562 string characters out of 5966291
 509270 words of memory out of 5000000
 19604 multiletter control sequences out of 15000+600000
 538819 words of font info for 47 fonts, out of 8000000 for 9000
 14 hyphenation exceptions out of 8191
 30i,8n,40p,282b,1777s stack positions out of 5000i,500n,10000p,200000b,80000s
 </home/neham/.texlive2019/texmf-var/fonts/pk/ljfour/jknappen/ec/tcrm1000.600pk> </home/neham/.texlive2019/texmf-var/fonts/pk/ljfour/jknappen/ec/tctt0900.600pk></usr/share/texlive/texmf-dist/fonts/type1/public/amsfonts/cm/cmbx12.pfb></usr/share/texlive/texmf-dist/fonts/type1/public/amsfonts/cm/cmbx9.pfb></usr/share/texlive/texmf-dist/fonts/type1/public/amsfonts/cm/cmmi10.pfb></usr/share/texlive/texmf-dist/fonts/type1/public/amsfonts/cm/cmmi7.pfb></usr/share/texlive/texmf-dist/fonts/type1/public/amsfonts/cm/cmr10.pfb></usr/share/texlive/texmf-dist/fonts/type1/public/amsfonts/cm/cmr12.pfb></usr/share/texlive/texmf-dist/fonts/type1/public/amsfonts/cm/cmr17.pfb></usr/share/texlive/texmf-dist/fonts/type1/public/amsfonts/cm/cmr7.pfb></usr/share/texlive/texmf-dist/fonts/type1/public/amsfonts/cm/cmr9.pfb></usr/share/texlive/texmf-dist/fonts/type1/public/amsfonts/cm/cmsy10.pfb></usr/share/texlive/texmf-dist/fonts/type1/public/amsfonts/cm/cmsy7.pfb></usr/share/texlive/texmf-dist/fonts/type1/public/amsfonts/cm/cmtt9.pfb>
Output written on "/home/neham/Desktop/Sem4/EE2703/Assignment 7/EE2703_EE19B084_Week7.pdf" (11 pages, 576842 bytes).
PDF statistics:
 119 PDF objects out of 1000 (max. 8388607)
 71 compressed objects within 1 object stream
 0 named destinations out of 1000 (max. 500000)
 51 words of extra memory for PDF output out of 10000 (max. 10000000)

