This is pdfTeX, Version 3.14159265-2.6-1.40.20 (TeX Live 2019/Debian) (preloaded format=pdflatex 2020.10.14)  28 MAR 2021 16:22
entering extended mode
 restricted \write18 enabled.
 file:line:error style messages enabled.
 %&-line parsing enabled.
**"/home/neham/Desktop/Sem4/EE2703/Assignment 5/EE2703_ASSIGN5_EE19B084.tex"
(/home/neham/Desktop/Sem4/EE2703/Assignment 5/EE2703_ASSIGN5_EE19B084.tex
LaTeX2e <2020-02-02> patch level 2
L3 programming layer <2020-02-14> (/usr/share/texlive/texmf-dist/tex/latex/base/article.cls
Document Class: article 2019/12/20 v1.4l Standard LaTeX document class
(/usr/share/texlive/texmf-dist/tex/latex/base/size10.clo
File: size10.clo 2019/12/20 v1.4l Standard LaTeX file (size option)
)
\c@part=\count167
\c@section=\count168
\c@subsection=\count169
\c@subsubsection=\count170
\c@paragraph=\count171
\c@subparagraph=\count172
\c@figure=\count173
\c@table=\count174
\abovecaptionskip=\skip47
\belowcaptionskip=\skip48
\bibindent=\dimen134
) (/usr/share/texlive/texmf-dist/tex/latex/base/inputenc.sty
Package: inputenc 2018/08/11 v1.3c Input encoding file
\inpenc@prehook=\toks14
\inpenc@posthook=\toks15
) (/usr/share/texlive/texmf-dist/tex/latex/listings/listings.sty (/usr/share/texlive/texmf-dist/tex/latex/graphics/keyval.sty
Package: keyval 2014/10/28 v1.15 key=value parser (DPC)
\KV@toks@=\toks16
)
\lst@mode=\count175
\lst@gtempboxa=\box45
\lst@token=\toks17
\lst@length=\count176
\lst@currlwidth=\dimen135
\lst@column=\count177
\lst@pos=\count178
\lst@lostspace=\dimen136
\lst@width=\dimen137
\lst@newlines=\count179
\lst@lineno=\count180
\lst@maxwidth=\dimen138
 (/usr/share/texlive/texmf-dist/tex/latex/listings/lstmisc.sty
File: lstmisc.sty 2019/09/10 1.8c (Carsten Heinz)
\c@lstnumber=\count181
\lst@skipnumbers=\count182
\lst@framebox=\box46
) (/usr/share/texlive/texmf-dist/tex/latex/listings/listings.cfg
File: listings.cfg 2019/09/10 1.8c listings configuration
))
Package: listings 2019/09/10 1.8c (Carsten Heinz)
 (/usr/share/texlive/texmf-dist/tex/latex/natbib/natbib.sty
Package: natbib 2010/09/13 8.31b (PWD, AO)
\bibhang=\skip49
\bibsep=\skip50
LaTeX Info: Redefining \cite on input line 694.
\c@NAT@ctr=\count183
) (/usr/share/texlive/texmf-dist/tex/latex/amsmath/amsmath.sty
Package: amsmath 2020/01/20 v2.17e AMS math features
\@mathmargin=\skip51

For additional information on amsmath, use the `?' option.
(/usr/share/texlive/texmf-dist/tex/latex/amsmath/amstext.sty
Package: amstext 2000/06/29 v2.01 AMS text
 (/usr/share/texlive/texmf-dist/tex/latex/amsmath/amsgen.sty
File: amsgen.sty 1999/11/30 v2.0 generic functions
\@emptytoks=\toks18
\ex@=\dimen139
)) (/usr/share/texlive/texmf-dist/tex/latex/amsmath/amsbsy.sty
Package: amsbsy 1999/11/29 v1.2d Bold Symbols
\pmbraise@=\dimen140
) (/usr/share/texlive/texmf-dist/tex/latex/amsmath/amsopn.sty
Package: amsopn 2016/03/08 v2.02 operator names
)
\inf@bad=\count184
LaTeX Info: Redefining \frac on input line 227.
\uproot@=\count185
\leftroot@=\count186
LaTeX Info: Redefining \overline on input line 389.
\classnum@=\count187
\DOTSCASE@=\count188
LaTeX Info: Redefining \ldots on input line 486.
LaTeX Info: Redefining \dots on input line 489.
LaTeX Info: Redefining \cdots on input line 610.
\Mathstrutbox@=\box47
\strutbox@=\box48
\big@size=\dimen141
LaTeX Font Info:    Redeclaring font encoding OML on input line 733.
LaTeX Font Info:    Redeclaring font encoding OMS on input line 734.
\macc@depth=\count189
\c@MaxMatrixCols=\count190
\dotsspace@=\muskip16
\c@parentequation=\count191
\dspbrk@lvl=\count192
\tag@help=\toks19
\row@=\count193
\column@=\count194
\maxfields@=\count195
\andhelp@=\toks20
\eqnshift@=\dimen142
\alignsep@=\dimen143
\tagshift@=\dimen144
\tagwidth@=\dimen145
\totwidth@=\dimen146
\lineht@=\dimen147
\@envbody=\toks21
\multlinegap=\skip52
\multlinetaggap=\skip53
\mathdisplay@stack=\toks22
LaTeX Info: Redefining \[ on input line 2859.
LaTeX Info: Redefining \] on input line 2860.
) (/usr/share/texlive/texmf-dist/tex/latex/graphics/color.sty
Package: color 2019/11/23 v1.2a Standard LaTeX Color (DPC)
 (/usr/share/texlive/texmf-dist/tex/latex/graphics-cfg/color.cfg
File: color.cfg 2016/01/02 v1.6 sample color configuration
)
Package color Info: Driver file: pdftex.def on input line 147.
 (/usr/share/texlive/texmf-dist/tex/latex/graphics-def/pdftex.def
File: pdftex.def 2018/01/08 v1.0l Graphics/color driver for pdftex
)) (/usr/share/texlive/texmf-dist/tex/latex/graphics/graphicx.sty
Package: graphicx 2019/11/30 v1.2a Enhanced LaTeX Graphics (DPC,SPQR)
 (/usr/share/texlive/texmf-dist/tex/latex/graphics/graphics.sty
Package: graphics 2019/11/30 v1.4a Standard LaTeX Graphics (DPC,SPQR)
 (/usr/share/texlive/texmf-dist/tex/latex/graphics/trig.sty
Package: trig 2016/01/03 v1.10 sin cos tan (DPC)
) (/usr/share/texlive/texmf-dist/tex/latex/graphics-cfg/graphics.cfg
File: graphics.cfg 2016/06/04 v1.11 sample graphics configuration
)
Package graphics Info: Driver file: pdftex.def on input line 105.
)
\Gin@req@height=\dimen148
\Gin@req@width=\dimen149
) (/usr/share/texlive/texmf-dist/tex/latex/listings/lstlang1.sty
File: lstlang1.sty 2019/09/10 1.8c listings language file
) (/usr/share/texlive/texmf-dist/tex/latex/l3backend/l3backend-pdfmode.def
File: l3backend-pdfmode.def 2020-02-03 L3 backend support: PDF mode
\l__kernel_color_stack_int=\count196
\l__pdf_internal_box=\box49
) (/home/neham/Desktop/Sem4/EE2703/Assignment 5/EE2703_ASSIGN5_EE19B084.aux)
\openout1 = `EE2703_ASSIGN5_EE19B084.aux'.

LaTeX Font Info:    Checking defaults for OML/cmm/m/it on input line 36.
LaTeX Font Info:    ... okay on input line 36.
LaTeX Font Info:    Checking defaults for OMS/cmsy/m/n on input line 36.
LaTeX Font Info:    ... okay on input line 36.
LaTeX Font Info:    Checking defaults for OT1/cmr/m/n on input line 36.
LaTeX Font Info:    ... okay on input line 36.
LaTeX Font Info:    Checking defaults for T1/cmr/m/n on input line 36.
LaTeX Font Info:    ... okay on input line 36.
LaTeX Font Info:    Checking defaults for TS1/cmr/m/n on input line 36.
LaTeX Font Info:    ... okay on input line 36.
LaTeX Font Info:    Checking defaults for OMX/cmex/m/n on input line 36.
LaTeX Font Info:    ... okay on input line 36.
LaTeX Font Info:    Checking defaults for U/cmr/m/n on input line 36.
LaTeX Font Info:    ... okay on input line 36.
\c@lstlisting=\count197
 (/usr/share/texlive/texmf-dist/tex/context/base/mkii/supp-pdf.mkii
[Loading MPS to PDF converter (version 2006.09.02).]
\scratchcounter=\count198
\scratchdimen=\dimen150
\scratchbox=\box50
\nofMPsegments=\count199
\nofMParguments=\count266
\everyMPshowfont=\toks23
\MPscratchCnt=\count267
\MPscratchDim=\dimen151
\MPnumerator=\count268
\makeMPintoPDFobject=\count269
\everyMPtoPDFconversion=\toks24
) (/usr/share/texlive/texmf-dist/tex/latex/epstopdf-pkg/epstopdf-base.sty
Package: epstopdf-base 2020-01-24 v2.11 Base part for package epstopdf
Package epstopdf-base Info: Redefining graphics rule for `.eps' on input line 485.
 (/usr/share/texlive/texmf-dist/tex/latex/latexconfig/epstopdf-sys.cfg
File: epstopdf-sys.cfg 2010/07/13 v1.3 Configuration of (r)epstopdf for TeX Live
)) [1

{/var/lib/texmf/fonts/map/pdftex/updmap/pdftex.map}]
Underfull \hbox (badness 10000) in paragraph at lines 49--54

 []


Underfull \hbox (badness 10000) in paragraph at lines 49--54

 []

[2]
<plots/Contour Plot of Initial Potential Assumption.png, id=17, 462.528pt x 346.896pt>
File: plots/Contour Plot of Initial Potential Assumption.png Graphic file (type png)
<use plots/Contour Plot of Initial Potential Assumption.png>
Package pdftex.def Info: plots/Contour Plot of Initial Potential Assumption.png  used on input line 110.
(pdftex.def)             Requested size: 277.51894pt x 208.13919pt.
 [3 </home/neham/Desktop/Sem4/EE2703/Assignment 5/plots/Contour Plot of Initial Potential Assumption.png>]
<plots/Plot of Error vs number of iterations.png, id=24, 462.528pt x 346.896pt>
File: plots/Plot of Error vs number of iterations.png Graphic file (type png)
<use plots/Plot of Error vs number of iterations.png>
Package pdftex.def Info: plots/Plot of Error vs number of iterations.png  used on input line 160.
(pdftex.def)             Requested size: 277.51894pt x 208.13919pt.


LaTeX Warning: `!h' float specifier changed to `!ht'.

[4]
<plots/Semilog plot of Error vs number of iterations.png, id=30, 462.528pt x 346.896pt>
File: plots/Semilog plot of Error vs number of iterations.png Graphic file (type png)
<use plots/Semilog plot of Error vs number of iterations.png>
Package pdftex.def Info: plots/Semilog plot of Error vs number of iterations.png  used on input line 190.
(pdftex.def)             Requested size: 277.51894pt x 208.13919pt.


LaTeX Warning: `!h' float specifier changed to `!ht'.

<plots/Loglog plot of Error vs number of iterations.png, id=31, 462.528pt x 346.896pt>
File: plots/Loglog plot of Error vs number of iterations.png Graphic file (type png)
<use plots/Loglog plot of Error vs number of iterations.png>
Package pdftex.def Info: plots/Loglog plot of Error vs number of iterations.png  used on input line 196.
(pdftex.def)             Requested size: 277.51894pt x 208.13919pt.

LaTeX Warning: `!h' float specifier changed to `!ht'.

[5 </home/neham/Desktop/Sem4/EE2703/Assignment 5/plots/Plot of Error vs number of iterations.png>] [6 </home/neham/Desktop/Sem4/EE2703/Assignment 5/plots/Semilog plot of Error vs number of iterations.png> </home/neham/Desktop/Sem4/EE2703/Assignment 5/plots/Loglog plot of Error vs number of iterations.png>]
<plots/Semilog plot of Cumulative Error vs number of iterations.png, id=41, 462.528pt x 346.896pt>
File: plots/Semilog plot of Cumulative Error vs number of iterations.png Graphic file (type png)
<use plots/Semilog plot of Cumulative Error vs number of iterations.png>
Package pdftex.def Info: plots/Semilog plot of Cumulative Error vs number of iterations.png  used on input line 214.
(pdftex.def)             Requested size: 277.51894pt x 208.13919pt.
 [7 </home/neham/Desktop/Sem4/EE2703/Assignment 5/plots/Semilog plot of Cumulative Error vs number of iterations.png>]
<plots/Contour Plot of Actual Potential.png, id=47, 462.528pt x 346.896pt>
File: plots/Contour Plot of Actual Potential.png Graphic file (type png)
<use plots/Contour Plot of Actual Potential.png>
Package pdftex.def Info: plots/Contour Plot of Actual Potential.png  used on input line 252.
(pdftex.def)             Requested size: 277.51894pt x 208.13919pt.
<plots/The 3-D surface plot of the potential.png, id=48, 462.528pt x 346.896pt>
File: plots/The 3-D surface plot of the potential.png Graphic file (type png)
<use plots/The 3-D surface plot of the potential.png>
Package pdftex.def Info: plots/The 3-D surface plot of the potential.png  used on input line 260.
(pdftex.def)             Requested size: 277.51894pt x 208.13919pt.
 [8 </home/neham/Desktop/Sem4/EE2703/Assignment 5/plots/Contour Plot of Actual Potential.png>] [9 </home/neham/Desktop/Sem4/EE2703/Assignment 5/plots/The 3-D surface plot of the potential.png>]
<plots/Current Density.png, id=57, 462.528pt x 346.896pt>
File: plots/Current Density.png Graphic file (type png)
<use plots/Current Density.png>
Package pdftex.def Info: plots/Current Density.png  used on input line 303.
(pdftex.def)             Requested size: 277.51894pt x 208.13919pt.
 [10 </home/neham/Desktop/Sem4/EE2703/Assignment 5/plots/Current Density.png>]
LaTeX Font Info:    Trying to load font information for TS1+cmtt on input line 342.
 (/usr/share/texlive/texmf-dist/tex/latex/base/ts1cmtt.fd
File: ts1cmtt.fd 2019/12/16 v2.5j Standard LaTeX font definitions
)
Overfull \hbox (32.99121pt too wide) in paragraph at lines 342--343
[][][][][][][][][][][][][][][][][][][][][][][][][][][][][][][][][][][][][][][][][][][][][][][][][][][][][][][][][][] 
 []

<plots/The 3-D surface plot of the Temperature.png, id=62, 462.528pt x 346.896pt>
File: plots/The 3-D surface plot of the Temperature.png Graphic file (type png)
<use plots/The 3-D surface plot of the Temperature.png>
Package pdftex.def Info: plots/The 3-D surface plot of the Temperature.png  used on input line 349.
(pdftex.def)             Requested size: 277.51894pt x 208.13919pt.
[11 </home/neham/Desktop/Sem4/EE2703/Assignment 5/plots/The 3-D surface plot of the Temperature.png>] [12] (/home/neham/Desktop/Sem4/EE2703/Assignment 5/EE2703_ASSIGN5_EE19B084.aux) ) 
Here is how much of TeX's memory you used:
 4114 strings out of 483183
 56778 string characters out of 5966291
 495075 words of memory out of 5000000
 19105 multiletter control sequences out of 15000+600000
 538484 words of font info for 46 fonts, out of 8000000 for 9000
 14 hyphenation exceptions out of 8191
 30i,7n,40p,436b,1672s stack positions out of 5000i,500n,10000p,200000b,80000s
 </home/neham/.texlive2019/texmf-var/fonts/pk/ljfour/jknappen/ec/tctt0900.600pk></usr/share/texlive/texmf-dist/fonts/type1/public/amsfonts/cm/cmbx10.pfb></usr/share/texlive/texmf-dist/fonts/type1/public/amsfonts/cm/cmbx12.pfb></usr/share/texlive/texmf-dist/fonts/type1/public/amsfonts/cm/cmmi10.pfb></usr/share/texlive/texmf-dist/fonts/type1/public/amsfonts/cm/cmmi7.pfb></usr/share/texlive/texmf-dist/fonts/type1/public/amsfonts/cm/cmr10.pfb></usr/share/texlive/texmf-dist/fonts/type1/public/amsfonts/cm/cmr12.pfb></usr/share/texlive/texmf-dist/fonts/type1/public/amsfonts/cm/cmr17.pfb></usr/share/texlive/texmf-dist/fonts/type1/public/amsfonts/cm/cmr7.pfb></usr/share/texlive/texmf-dist/fonts/type1/public/amsfonts/cm/cmsy10.pfb></usr/share/texlive/texmf-dist/fonts/type1/public/amsfonts/cm/cmsy7.pfb></usr/share/texlive/texmf-dist/fonts/type1/public/amsfonts/cm/cmtt9.pfb>
Output written on "/home/neham/Desktop/Sem4/EE2703/Assignment 5/EE2703_ASSIGN5_EE19B084.pdf" (12 pages, 480710 bytes).
PDF statistics:
 111 PDF objects out of 1000 (max. 8388607)
 66 compressed objects within 1 object stream
 0 named destinations out of 1000 (max. 500000)
 46 words of extra memory for PDF output out of 10000 (max. 10000000)

